Build started 8/5/2017 1:39:28 PM.
     1>Project "C:\Users\Tarak\Desktop\RND-SUMMER\26-MAY\filesystem\filesystem.vcxproj" on node 2 (Build target(s)).
     1>ClCompile:
         C:\Program Files (x86)\Microsoft Visual Studio 12.0\VC\bin\CL.exe /c /ZI /nologo /W3 /WX- /sdl /Od /Oy- /D _MBCS /Gm /EHsc /RTC1 /MDd /GS /fp:precise /Zc:wchar_t /Zc:forScope /Fo"Debug\\" /Fd"Debug\vc120.pdb" /Gd /TP /analyze- /errorReport:prompt "..\PROJECT-JUNE8\FIleSystem_Sharing.cpp"
         FIleSystem_Sharing.cpp
     1>c:\users\tarak\desktop\rnd-summer\26-may\project-june8\filesystem_sharing.cpp(127): warning C4244: 'argument' : conversion from '__int64' to 'int', possible loss of data
     1>c:\users\tarak\desktop\rnd-summer\26-may\project-june8\filesystem_sharing.cpp(115): warning C4101: 'file_name' : unreferenced local variable
     1>c:\users\tarak\desktop\rnd-summer\26-may\project-june8\filesystem_sharing.cpp(190): warning C4244: 'argument' : conversion from '__int64' to 'long', possible loss of data
     1>c:\users\tarak\desktop\rnd-summer\26-may\project-june8\filesystem_sharing.cpp(170): warning C4101: 'user_name' : unreferenced local variable
     1>c:\users\tarak\desktop\rnd-summer\26-may\project-june8\filesystem_sharing.cpp(219): warning C4244: 'argument' : conversion from '__int64' to 'long', possible loss of data
     1>c:\users\tarak\desktop\rnd-summer\26-may\project-june8\filesystem_sharing.cpp(260): warning C4244: 'argument' : conversion from '__int64' to 'long', possible loss of data
     1>c:\users\tarak\desktop\rnd-summer\26-may\project-june8\filesystem_sharing.cpp(311): warning C4244: 'argument' : conversion from '__int64' to 'long', possible loss of data
     1>c:\users\tarak\desktop\rnd-summer\26-may\project-june8\filesystem_sharing.cpp(289): warning C4101: 'message' : unreferenced local variable
     1>c:\users\tarak\desktop\rnd-summer\26-may\project-june8\filesystem_sharing.cpp(359): warning C4244: 'initializing' : conversion from '__int64' to 'int', possible loss of data
     1>c:\users\tarak\desktop\rnd-summer\26-may\project-june8\filesystem_sharing.cpp(504): warning C4244: 'argument' : conversion from '__int64' to 'int', possible loss of data
     1>c:\users\tarak\desktop\rnd-summer\26-may\project-june8\filesystem_sharing.cpp(484): warning C4101: 'destination' : unreferenced local variable
     1>c:\users\tarak\desktop\rnd-summer\26-may\project-june8\filesystem_sharing.cpp(491): warning C4101: 'final_position' : unreferenced local variable
     1>c:\users\tarak\desktop\rnd-summer\26-may\project-june8\filesystem_sharing.cpp(561): warning C4244: 'argument' : conversion from '__int64' to 'int', possible loss of data
     1>c:\users\tarak\desktop\rnd-summer\26-may\project-june8\filesystem_sharing.cpp(568): warning C4244: 'argument' : conversion from '__int64' to 'int', possible loss of data
     1>c:\users\tarak\desktop\rnd-summer\26-may\project-june8\filesystem_sharing.cpp(600): warning C4244: 'argument' : conversion from '__int64' to 'int', possible loss of data
     1>c:\users\tarak\desktop\rnd-summer\26-may\project-june8\filesystem_sharing.cpp(768): warning C4244: 'initializing' : conversion from '__int64' to 'int', possible loss of data
     1>c:\users\tarak\desktop\rnd-summer\26-may\project-june8\filesystem_sharing.cpp(774): warning C4244: 'argument' : conversion from '__int64' to 'int', possible loss of data
     1>c:\users\tarak\desktop\rnd-summer\26-may\project-june8\filesystem_sharing.cpp(777): warning C4244: 'argument' : conversion from '__int64' to 'int', possible loss of data
     1>c:\users\tarak\desktop\rnd-summer\26-may\project-june8\filesystem_sharing.cpp(765): warning C4101: 'username' : unreferenced local variable
       Link:
         C:\Program Files (x86)\Microsoft Visual Studio 12.0\VC\bin\link.exe /ERRORREPORT:PROMPT /OUT:"C:\Users\Tarak\Desktop\RND-SUMMER\26-MAY\filesystem\Debug\filesystem.exe" /INCREMENTAL /NOLOGO kernel32.lib user32.lib gdi32.lib winspool.lib comdlg32.lib advapi32.lib shell32.lib ole32.lib oleaut32.lib uuid.lib odbc32.lib odbccp32.lib /MANIFEST /MANIFESTUAC:"level='asInvoker' uiAccess='false'" /manifest:embed /DEBUG /PDB:"C:\Users\Tarak\Desktop\RND-SUMMER\26-MAY\filesystem\Debug\filesystem.pdb" /TLBID:1 /DYNAMICBASE /NXCOMPAT /IMPLIB:"C:\Users\Tarak\Desktop\RND-SUMMER\26-MAY\filesystem\Debug\filesystem.lib" /MACHINE:X86 Debug\FIleSystem_Sharing.obj
         filesystem.vcxproj -> C:\Users\Tarak\Desktop\RND-SUMMER\26-MAY\filesystem\Debug\filesystem.exe
     1>Done Building Project "C:\Users\Tarak\Desktop\RND-SUMMER\26-MAY\filesystem\filesystem.vcxproj" (Build target(s)).

Build succeeded.

Time Elapsed 00:00:05.52
